<?xml version="1.0" encoding="utf-8"?><testsuites><testsuite errors="0" failures="0" hostname="7c7ca3962b30" name="pytest" skipped="0" tests="115" time="2.616" timestamp="2021-10-26T21:07:11.050661"><testcase classname="test_na_sg_grid_account.TestMyModule" file="test_na_sg_grid_account.py" line="227" name="test_create_na_sg_grid_account_pass" time="0.010" /><testcase classname="test_na_sg_grid_account.TestMyModule" file="test_na_sg_grid_account.py" line="361" name="test_delete_na_sg_grid_account_pass" time="0.009" /><testcase classname="test_na_sg_grid_account.TestMyModule" file="test_na_sg_grid_account.py" line="205" name="test_module_fail_when_required_args_missing" time="0.007" /><testcase classname="test_na_sg_grid_account.TestMyModule" file="test_na_sg_grid_account.py" line="246" name="test_idempotent_create_na_sg_grid_account_pass" time="0.009" /><testcase classname="test_na_sg_grid_account.TestMyModule" file="test_na_sg_grid_account.py" line="339" name="test_set_na_sg_grid_account_root_password_pass" time="0.010" /><testcase classname="test_na_sg_grid_account.TestMyModule" file="test_na_sg_grid_account.py" line="215" name="test_module_fail_when_required_args_present" time="0.008" /><testcase classname="test_na_sg_grid_account.TestMyModule" file="test_na_sg_grid_account.py" line="265" name="test_update_na_sg_grid_account_pass" time="0.010" /><testcase classname="test_na_sg_grid_account.TestMyModule" file="test_na_sg_grid_account.py" line="311" name="test_update_na_sg_grid_account_and_set_password_pass" time="0.010" /><testcase classname="test_na_sg_grid_certificate.TestMyModule" file="test_na_sg_grid_certificate.py" line="328" name="test_delete_na_sg_storage_api_certificate_pass" time="0.011" /><testcase classname="test_na_sg_grid_account.TestMyModule" file="test_na_sg_grid_account.py" line="287" name="test_update_na_sg_grid_account_quota_pass" time="0.010" /><testcase classname="test_na_sg_grid_certificate.TestMyModule" file="test_na_sg_grid_certificate.py" line="265" name="test_module_fail_when_required_args_missing" time="0.008" /><testcase classname="test_na_sg_grid_certificate.TestMyModule" file="test_na_sg_grid_certificate.py" line="296" name="test_idempotent_set_na_sg_grid_storage_api_certificate_pass" time="0.010" /><testcase classname="test_na_sg_grid_certificate.TestMyModule" file="test_na_sg_grid_certificate.py" line="281" name="test_set_na_sg_grid_storage_api_certificate_pass" time="0.012" /><testcase classname="test_na_sg_grid_certificate.TestMyModule" file="test_na_sg_grid_certificate.py" line="272" name="test_module_pass_when_required_args_present" time="0.009" /><testcase classname="test_na_sg_grid_dns.TestMyModule" file="test_na_sg_grid_dns.py" line="204" name="test_add_na_sg_grid_dns_servers_pass" time="0.009" /><testcase classname="test_na_sg_grid_certificate.TestMyModule" file="test_na_sg_grid_certificate.py" line="309" name="test_update_na_sg_grid_storage_api_certificate_pass" time="0.010" /><testcase classname="test_na_sg_grid_dns.TestMyModule" file="test_na_sg_grid_dns.py" line="186" name="test_idempotent_set_na_sg_grid_dns_servers_pass" time="0.009" /><testcase classname="test_na_sg_grid_dns.TestMyModule" file="test_na_sg_grid_dns.py" line="145" name="test_module_fail_when_required_args_missing" time="0.007" /><testcase classname="test_na_sg_grid_dns.TestMyModule" file="test_na_sg_grid_dns.py" line="223" name="test_remove_na_sg_grid_dns_servers_pass" time="0.009" /><testcase classname="test_na_sg_grid_dns.TestMyModule" file="test_na_sg_grid_dns.py" line="155" name="test_module_fail_when_required_args_present" time="0.008" /><testcase classname="test_na_sg_grid_dns.TestMyModule" file="test_na_sg_grid_dns.py" line="167" name="test_set_na_sg_grid_dns_servers_pass" time="0.011" /><testcase classname="test_na_sg_grid_gateway.TestMyModule" file="test_na_sg_grid_gateway.py" line="354" name="test_create_na_sg_grid_gateway_port_pass" time="0.012" /><testcase classname="test_na_sg_grid_gateway.TestMyModule" file="test_na_sg_grid_gateway.py" line="404" name="test_delete_na_sg_grid_gateway_port_pass" time="0.009" /><testcase classname="test_na_sg_grid_gateway.TestMyModule" file="test_na_sg_grid_gateway.py" line="369" name="test_idempotent_create_na_sg_grid_gateway_port_pass" time="0.009" /><testcase classname="test_na_sg_grid_gateway.TestMyModule" file="test_na_sg_grid_gateway.py" line="345" name="test_module_pass_when_required_args_present" time="0.009" /><testcase classname="test_na_sg_grid_gateway.TestMyModule" file="test_na_sg_grid_gateway.py" line="338" name="test_module_fail_when_required_args_missing" time="0.007" /><testcase classname="test_na_sg_grid_gateway.TestMyModule" file="test_na_sg_grid_gateway.py" line="385" name="test_update_na_sg_grid_gateway_certificate_pass" time="0.010" /><testcase classname="test_na_sg_grid_group.TestMyModule" file="test_na_sg_grid_group.py" line="238" name="test_create_na_sg_grid_group_pass" time="0.011" /><testcase classname="test_na_sg_grid_group.TestMyModule" file="test_na_sg_grid_group.py" line="299" name="test_delete_na_sg_grid_group_pass" time="0.010" /><testcase classname="test_na_sg_grid_identity_federation.TestMyModule" file="test_na_sg_grid_identity_federation.py" line="309" name="test_set_na_sg_grid_identity_federation_tls_pass" time="0.010" /><testcase classname="test_na_sg_grid_group.TestMyModule" file="test_na_sg_grid_group.py" line="257" name="test_idempotent_create_na_sg_grid_group_pass" time="0.010" /><testcase classname="test_na_sg_grid_info.TestMyModule" file="test_na_sg_grid_info.py" line="216" name="test_module_fail_when_required_args_missing" time="0.008" /><testcase classname="test_na_sg_grid_group.TestMyModule" file="test_na_sg_grid_group.py" line="204" name="test_module_fail_when_required_args_missing" time="0.008" /><testcase classname="test_na_sg_grid_info.TestMyModule" file="test_na_sg_grid_info.py" line="238" name="test_module_pass_when_optional_args_present" time="0.010" /><testcase classname="test_na_sg_grid_group.TestMyModule" file="test_na_sg_grid_group.py" line="214" name="test_module_fail_when_required_args_present" time="0.009" /><testcase classname="test_na_sg_grid_info.TestMyModule" file="test_na_sg_grid_info.py" line="226" name="test_module_pass_when_required_args_present" time="0.010" /><testcase classname="test_na_sg_grid_group.TestMyModule" file="test_na_sg_grid_group.py" line="226" name="test_module_fail_with_bad_unique_name" time="0.008" /><testcase classname="test_na_sg_grid_group.TestMyModule" file="test_na_sg_grid_group.py" line="275" name="test_update_na_sg_grid_group_pass" time="0.018" /><testcase classname="test_na_sg_grid_info.TestMyModule" file="test_na_sg_grid_info.py" line="250" name="test_run_sg_gather_facts_for_all_info_pass" time="0.021" /><testcase classname="test_na_sg_grid_identity_federation.TestMyModule" file="test_na_sg_grid_identity_federation.py" line="339" name="test_check_mode_na_sg_grid_identity_federation_pass" time="0.010" /><testcase classname="test_na_sg_grid_info.TestMyModule" file="test_na_sg_grid_info.py" line="348" name="test_run_sg_gather_facts_for_grid_accounts_and_grid_users_root_info_pass" time="0.010" /><testcase classname="test_na_sg_grid_identity_federation.TestMyModule" file="test_na_sg_grid_identity_federation.py" line="293" name="test_idempotent_set_na_sg_grid_identity_federation_pass" time="0.009" /><testcase classname="test_na_sg_grid_info.TestMyModule" file="test_na_sg_grid_info.py" line="334" name="test_run_sg_gather_facts_for_grid_accounts_info_pass" time="0.011" /><testcase classname="test_na_sg_grid_identity_federation.TestMyModule" file="test_na_sg_grid_identity_federation.py" line="263" name="test_module_fail_when_required_args_missing" time="0.009" /><testcase classname="test_na_sg_grid_ntp.TestMyModule" file="test_na_sg_grid_ntp.py" line="220" name="test_add_na_sg_grid_ntp_servers_pass" time="0.013" /><testcase classname="test_na_sg_grid_identity_federation.TestMyModule" file="test_na_sg_grid_identity_federation.py" line="270" name="test_module_fail_when_required_args_present" time="0.009" /><testcase classname="test_na_sg_grid_ntp.TestMyModule" file="test_na_sg_grid_ntp.py" line="202" name="test_idempotent_set_na_sg_grid_ntp_servers_pass" time="0.009" /><testcase classname="test_na_sg_grid_identity_federation.TestMyModule" file="test_na_sg_grid_identity_federation.py" line="323" name="test_remove_na_sg_grid_identity_federation_pass" time="0.010" /><testcase classname="test_na_sg_grid_ntp.TestMyModule" file="test_na_sg_grid_ntp.py" line="161" name="test_module_fail_when_required_args_missing" time="0.008" /><testcase classname="test_na_sg_grid_identity_federation.TestMyModule" file="test_na_sg_grid_identity_federation.py" line="279" name="test_set_na_sg_grid_identity_federation_pass" time="0.010" /><testcase classname="test_na_sg_grid_user.TestMyModule" file="test_na_sg_grid_user.py" line="275" name="test_create_na_sg_grid_user_no_group_pass" time="0.011" /><testcase classname="test_na_sg_grid_ntp.TestMyModule" file="test_na_sg_grid_ntp.py" line="171" name="test_module_fail_when_required_args_present" time="0.009" /><testcase classname="test_na_sg_grid_ntp.TestMyModule" file="test_na_sg_grid_ntp.py" line="239" name="test_remove_na_sg_grid_ntp_servers_pass" time="0.010" /><testcase classname="test_na_sg_grid_user.TestMyModule" file="test_na_sg_grid_user.py" line="294" name="test_create_na_sg_grid_user_pass" time="0.012" /><testcase classname="test_na_sg_grid_ntp.TestMyModule" file="test_na_sg_grid_ntp.py" line="183" name="test_set_na_sg_grid_ntp_servers_pass" time="0.010" /><testcase classname="test_na_sg_grid_user.TestMyModule" file="test_na_sg_grid_user.py" line="350" name="test_delete_na_sg_grid_user_pass" time="0.009" /><testcase classname="test_na_sg_grid_regions.TestMyModule" file="test_na_sg_grid_regions.py" line="170" name="test_idempotent_set_na_sg_grid_regions_pass" time="0.010" /><testcase classname="test_na_sg_grid_user.TestMyModule" file="test_na_sg_grid_user.py" line="463" name="test_fail_set_federated_user_password" time="0.010" /><testcase classname="test_na_sg_grid_regions.TestMyModule" file="test_na_sg_grid_regions.py" line="129" name="test_module_fail_when_required_args_missing" time="0.009" /><testcase classname="test_na_sg_grid_user.TestMyModule" file="test_na_sg_grid_user.py" line="390" name="test_idempotent_create_na_sg_grid_user_and_set_password_pass" time="0.010" /><testcase classname="test_na_sg_grid_regions.TestMyModule" file="test_na_sg_grid_regions.py" line="139" name="test_module_fail_when_required_args_present" time="0.008" /><testcase classname="test_na_sg_grid_user.TestMyModule" file="test_na_sg_grid_user.py" line="311" name="test_idempotent_create_na_sg_grid_user_pass" time="0.010" /><testcase classname="test_na_sg_grid_regions.TestMyModule" file="test_na_sg_grid_regions.py" line="188" name="test_remove_na_sg_grid_regions_pass" time="0.008" /><testcase classname="test_na_sg_grid_user.TestMyModule" file="test_na_sg_grid_user.py" line="228" name="test_module_fail_when_required_args_missing" time="0.007" /><testcase classname="test_na_sg_grid_regions.TestMyModule" file="test_na_sg_grid_regions.py" line="151" name="test_set_na_sg_grid_regions_pass" time="0.008" /><testcase classname="test_na_sg_grid_user.TestMyModule" file="test_na_sg_grid_user.py" line="238" name="test_module_fail_when_required_args_present" time="0.009" /><testcase classname="test_na_sg_grid_user.TestMyModule" file="test_na_sg_grid_user.py" line="368" name="test_create_na_sg_grid_user_and_set_password_pass" time="0.011" /><testcase classname="test_na_sg_grid_user.TestMyModule" file="test_na_sg_grid_user.py" line="250" name="test_module_fail_with_bad_unique_name" time="0.010" /><testcase classname="test_na_sg_org_container.TestMyModule" file="test_na_sg_org_container.py" line="137" name="test_module_fail_when_required_args_missing" time="0.008" /><testcase classname="test_na_sg_grid_user.TestMyModule" file="test_na_sg_grid_user.py" line="439" name="test_set_na_sg_grid_user_password_pass" time="0.017" /><testcase classname="test_na_sg_org_container.TestMyModule" file="test_na_sg_org_container.py" line="144" name="test_module_fail_when_required_args_present" time="0.008" /><testcase classname="test_na_sg_grid_user.TestMyModule" file="test_na_sg_grid_user.py" line="412" name="test_update_na_sg_grid_user_and_set_password_pass" time="0.015" /><testcase classname="test_na_sg_org_container.TestMyModule" file="test_na_sg_org_container.py" line="180" name="test_update_na_sg_org_container_pass" time="0.013" /><testcase classname="test_na_sg_grid_user.TestMyModule" file="test_na_sg_grid_user.py" line="330" name="test_update_na_sg_grid_user_pass" time="0.014" /><testcase classname="test_na_sg_org_group.TestMyModule" file="test_na_sg_org_group.py" line="314" name="test_create_na_sg_org_group_pass" time="0.013" /><testcase classname="test_na_sg_org_container.TestMyModule" file="test_na_sg_org_container.py" line="153" name="test_create_na_sg_org_container_pass" time="0.012" /><testcase classname="test_na_sg_org_group.TestMyModule" file="test_na_sg_org_group.py" line="385" name="test_delete_na_sg_org_group_pass" time="0.010" /><testcase classname="test_na_sg_org_container.TestMyModule" file="test_na_sg_org_container.py" line="196" name="test_delete_na_sg_org_container_pass" time="0.014" /><testcase classname="test_na_sg_org_group.TestMyModule" file="test_na_sg_org_group.py" line="333" name="test_idempotent_create_na_sg_org_group_pass" time="0.014" /><testcase classname="test_na_sg_org_container.TestMyModule" file="test_na_sg_org_container.py" line="167" name="test_idempotent_create_na_sg_org_container_pass" time="0.014" /><testcase classname="test_na_sg_org_group.TestMyModule" file="test_na_sg_org_group.py" line="280" name="test_module_fail_when_required_args_missing" time="0.010" /><testcase classname="test_na_sg_org_identity_federation.TestMyModule" file="test_na_sg_org_identity_federation.py" line="293" name="test_idempotent_set_na_sg_org_identity_federation_pass" time="0.013" /><testcase classname="test_na_sg_org_group.TestMyModule" file="test_na_sg_org_group.py" line="290" name="test_module_fail_when_required_args_present" time="0.014" /><testcase classname="test_na_sg_org_identity_federation.TestMyModule" file="test_na_sg_org_identity_federation.py" line="263" name="test_module_fail_when_required_args_missing" time="0.008" /><testcase classname="test_na_sg_org_group.TestMyModule" file="test_na_sg_org_group.py" line="302" name="test_module_fail_with_bad_unique_name" time="0.016" /><testcase classname="test_na_sg_org_identity_federation.TestMyModule" file="test_na_sg_org_identity_federation.py" line="270" name="test_module_fail_when_required_args_present" time="0.010" /><testcase classname="test_na_sg_org_identity_federation.TestMyModule" file="test_na_sg_org_identity_federation.py" line="323" name="test_remove_na_sg_org_identity_federation_pass" time="0.014" /><testcase classname="test_na_sg_org_group.TestMyModule" file="test_na_sg_org_group.py" line="351" name="test_update_na_sg_org_group_pass" time="0.015" /><testcase classname="test_na_sg_org_identity_federation.TestMyModule" file="test_na_sg_org_identity_federation.py" line="339" name="test_check_mode_na_sg_org_identity_federation_pass" time="0.013" /><testcase classname="test_na_sg_org_identity_federation.TestMyModule" file="test_na_sg_org_identity_federation.py" line="279" name="test_set_na_sg_org_identity_federation_pass" time="0.012" /><testcase classname="test_na_sg_org_identity_federation.TestMyModule" file="test_na_sg_org_identity_federation.py" line="309" name="test_set_na_sg_org_identity_federation_tls_pass" time="0.012" /><testcase classname="test_na_sg_org_info.TestMyModule" file="test_na_sg_org_info.py" line="193" name="test_run_sg_gather_facts_for_all_info_pass" time="0.013" /><testcase classname="test_na_sg_org_info.TestMyModule" file="test_na_sg_org_info.py" line="159" name="test_module_fail_when_required_args_missing" time="0.007" /><testcase classname="test_na_sg_org_info.TestMyModule" file="test_na_sg_org_info.py" line="249" name="test_run_sg_gather_facts_for_org_users_and_org_users_root_info_pass" time="0.013" /><testcase classname="test_na_sg_org_info.TestMyModule" file="test_na_sg_org_info.py" line="181" name="test_module_pass_when_optional_args_present" time="0.009" /><testcase classname="test_na_sg_org_info.TestMyModule" file="test_na_sg_org_info.py" line="235" name="test_run_sg_gather_facts_for_org_users_info_pass" time="0.013" /><testcase classname="test_na_sg_org_info.TestMyModule" file="test_na_sg_org_info.py" line="169" name="test_module_pass_when_required_args_present" time="0.007" /><testcase classname="test_na_sg_org_user.TestMyModule" file="test_na_sg_org_user.py" line="370" name="test_create_na_sg_org_user_and_set_password_pass" time="0.014" /><testcase classname="test_na_sg_org_user.TestMyModule" file="test_na_sg_org_user.py" line="277" name="test_create_na_sg_org_user_no_group_pass" time="0.012" /><testcase classname="test_na_sg_org_user.TestMyModule" file="test_na_sg_org_user.py" line="463" name="test_fail_set_federated_user_password" time="0.016" /><testcase classname="test_na_sg_org_user.TestMyModule" file="test_na_sg_org_user.py" line="296" name="test_create_na_sg_org_user_pass" time="0.014" /><testcase classname="test_na_sg_org_user.TestMyModule" file="test_na_sg_org_user.py" line="392" name="test_idempotent_create_na_sg_org_user_and_set_password_pass" time="0.014" /><testcase classname="test_na_sg_org_user.TestMyModule" file="test_na_sg_org_user.py" line="352" name="test_delete_na_sg_org_user_pass" time="0.013" /><testcase classname="test_na_sg_org_user.TestMyModule" file="test_na_sg_org_user.py" line="313" name="test_idempotent_create_na_sg_org_user_pass" time="0.014" /><testcase classname="test_na_sg_org_user.TestMyModule" file="test_na_sg_org_user.py" line="240" name="test_module_fail_when_required_args_present" time="0.012" /><testcase classname="test_na_sg_org_user.TestMyModule" file="test_na_sg_org_user.py" line="230" name="test_module_fail_when_required_args_missing" time="0.011" /><testcase classname="test_na_sg_org_user.TestMyModule" file="test_na_sg_org_user.py" line="252" name="test_module_fail_with_bad_unique_name" time="0.014" /><testcase classname="test_na_sg_org_user.TestMyModule" file="test_na_sg_org_user.py" line="439" name="test_set_na_sg_org_user_password_pass" time="0.013" /><testcase classname="test_na_sg_org_user.TestMyModule" file="test_na_sg_org_user.py" line="412" name="test_update_na_sg_org_user_and_set_password_pass" time="0.014" /><testcase classname="test_na_sg_org_user.TestMyModule" file="test_na_sg_org_user.py" line="332" name="test_update_na_sg_org_user_pass" time="0.013" /><testcase classname="test_na_sg_org_user_s3_key.TestMyModule" file="test_na_sg_org_user_s3_key.py" line="180" name="test_create_na_sg_org_user_s3_key_pass" time="0.013" /><testcase classname="test_na_sg_org_user_s3_key.TestMyModule" file="test_na_sg_org_user_s3_key.py" line="220" name="test_delete_na_sg_org_user_s3_keys_pass" time="0.014" /><testcase classname="test_na_sg_org_user_s3_key.TestMyModule" file="test_na_sg_org_user_s3_key.py" line="199" name="test_idempotent_create_na_sg_org_user_s3_key_pass" time="0.013" /><testcase classname="test_na_sg_org_user_s3_key.TestMyModule" file="test_na_sg_org_user_s3_key.py" line="158" name="test_module_fail_when_required_args_missing" time="0.011" /><testcase classname="test_na_sg_org_user_s3_key.TestMyModule" file="test_na_sg_org_user_s3_key.py" line="168" name="test_module_fail_when_required_args_present" time="0.011" /></testsuite></testsuites>