<?xml version="1.0" encoding="utf-8"?><testsuites><testsuite name="pytest" errors="0" failures="0" skipped="0" tests="115" time="2.733" timestamp="2021-10-26T21:07:17.308810" hostname="7c7ca3962b30"><testcase classname="test_na_sg_grid_account.TestMyModule" name="test_delete_na_sg_grid_account_pass" file="test_na_sg_grid_account.py" line="361" time="0.010" /><testcase classname="test_na_sg_grid_account.TestMyModule" name="test_create_na_sg_grid_account_pass" file="test_na_sg_grid_account.py" line="227" time="0.010" /><testcase classname="test_na_sg_grid_account.TestMyModule" name="test_module_fail_when_required_args_missing" file="test_na_sg_grid_account.py" line="205" time="0.007" /><testcase classname="test_na_sg_grid_account.TestMyModule" name="test_set_na_sg_grid_account_root_password_pass" file="test_na_sg_grid_account.py" line="339" time="0.009" /><testcase classname="test_na_sg_grid_account.TestMyModule" name="test_idempotent_create_na_sg_grid_account_pass" file="test_na_sg_grid_account.py" line="246" time="0.011" /><testcase classname="test_na_sg_grid_account.TestMyModule" name="test_update_na_sg_grid_account_pass" file="test_na_sg_grid_account.py" line="265" time="0.010" /><testcase classname="test_na_sg_grid_account.TestMyModule" name="test_module_fail_when_required_args_present" file="test_na_sg_grid_account.py" line="215" time="0.011" /><testcase classname="test_na_sg_grid_certificate.TestMyModule" name="test_delete_na_sg_storage_api_certificate_pass" file="test_na_sg_grid_certificate.py" line="328" time="0.009" /><testcase classname="test_na_sg_grid_certificate.TestMyModule" name="test_module_fail_when_required_args_missing" file="test_na_sg_grid_certificate.py" line="265" time="0.007" /><testcase classname="test_na_sg_grid_account.TestMyModule" name="test_update_na_sg_grid_account_and_set_password_pass" file="test_na_sg_grid_account.py" line="311" time="0.014" /><testcase classname="test_na_sg_grid_certificate.TestMyModule" name="test_set_na_sg_grid_storage_api_certificate_pass" file="test_na_sg_grid_certificate.py" line="281" time="0.009" /><testcase classname="test_na_sg_grid_account.TestMyModule" name="test_update_na_sg_grid_account_quota_pass" file="test_na_sg_grid_account.py" line="287" time="0.012" /><testcase classname="test_na_sg_grid_dns.TestMyModule" name="test_add_na_sg_grid_dns_servers_pass" file="test_na_sg_grid_dns.py" line="204" time="0.010" /><testcase classname="test_na_sg_grid_certificate.TestMyModule" name="test_idempotent_set_na_sg_grid_storage_api_certificate_pass" file="test_na_sg_grid_certificate.py" line="296" time="0.010" /><testcase classname="test_na_sg_grid_dns.TestMyModule" name="test_module_fail_when_required_args_missing" file="test_na_sg_grid_dns.py" line="145" time="0.008" /><testcase classname="test_na_sg_grid_certificate.TestMyModule" name="test_module_pass_when_required_args_present" file="test_na_sg_grid_certificate.py" line="272" time="0.008" /><testcase classname="test_na_sg_grid_dns.TestMyModule" name="test_remove_na_sg_grid_dns_servers_pass" file="test_na_sg_grid_dns.py" line="223" time="0.009" /><testcase classname="test_na_sg_grid_certificate.TestMyModule" name="test_update_na_sg_grid_storage_api_certificate_pass" file="test_na_sg_grid_certificate.py" line="309" time="0.012" /><testcase classname="test_na_sg_grid_gateway.TestMyModule" name="test_create_na_sg_grid_gateway_port_pass" file="test_na_sg_grid_gateway.py" line="354" time="0.011" /><testcase classname="test_na_sg_grid_dns.TestMyModule" name="test_idempotent_set_na_sg_grid_dns_servers_pass" file="test_na_sg_grid_dns.py" line="186" time="0.009" /><testcase classname="test_na_sg_grid_gateway.TestMyModule" name="test_idempotent_create_na_sg_grid_gateway_port_pass" file="test_na_sg_grid_gateway.py" line="369" time="0.013" /><testcase classname="test_na_sg_grid_dns.TestMyModule" name="test_module_fail_when_required_args_present" file="test_na_sg_grid_dns.py" line="155" time="0.009" /><testcase classname="test_na_sg_grid_gateway.TestMyModule" name="test_module_pass_when_required_args_present" file="test_na_sg_grid_gateway.py" line="345" time="0.009" /><testcase classname="test_na_sg_grid_dns.TestMyModule" name="test_set_na_sg_grid_dns_servers_pass" file="test_na_sg_grid_dns.py" line="167" time="0.010" /><testcase classname="test_na_sg_grid_group.TestMyModule" name="test_create_na_sg_grid_group_pass" file="test_na_sg_grid_group.py" line="238" time="0.011" /><testcase classname="test_na_sg_grid_gateway.TestMyModule" name="test_delete_na_sg_grid_gateway_port_pass" file="test_na_sg_grid_gateway.py" line="404" time="0.011" /><testcase classname="test_na_sg_grid_group.TestMyModule" name="test_delete_na_sg_grid_group_pass" file="test_na_sg_grid_group.py" line="299" time="0.012" /><testcase classname="test_na_sg_grid_gateway.TestMyModule" name="test_module_fail_when_required_args_missing" file="test_na_sg_grid_gateway.py" line="338" time="0.011" /><testcase classname="test_na_sg_grid_group.TestMyModule" name="test_idempotent_create_na_sg_grid_group_pass" file="test_na_sg_grid_group.py" line="257" time="0.010" /><testcase classname="test_na_sg_grid_gateway.TestMyModule" name="test_update_na_sg_grid_gateway_certificate_pass" file="test_na_sg_grid_gateway.py" line="385" time="0.011" /><testcase classname="test_na_sg_grid_group.TestMyModule" name="test_module_fail_when_required_args_missing" file="test_na_sg_grid_group.py" line="204" time="0.008" /><testcase classname="test_na_sg_grid_identity_federation.TestMyModule" name="test_set_na_sg_grid_identity_federation_tls_pass" file="test_na_sg_grid_identity_federation.py" line="309" time="0.011" /><testcase classname="test_na_sg_grid_group.TestMyModule" name="test_module_fail_when_required_args_present" file="test_na_sg_grid_group.py" line="214" time="0.009" /><testcase classname="test_na_sg_grid_info.TestMyModule" name="test_module_fail_when_required_args_missing" file="test_na_sg_grid_info.py" line="216" time="0.007" /><testcase classname="test_na_sg_grid_group.TestMyModule" name="test_module_fail_with_bad_unique_name" file="test_na_sg_grid_group.py" line="226" time="0.009" /><testcase classname="test_na_sg_grid_info.TestMyModule" name="test_module_pass_when_optional_args_present" file="test_na_sg_grid_info.py" line="238" time="0.008" /><testcase classname="test_na_sg_grid_group.TestMyModule" name="test_update_na_sg_grid_group_pass" file="test_na_sg_grid_group.py" line="275" time="0.010" /><testcase classname="test_na_sg_grid_info.TestMyModule" name="test_module_pass_when_required_args_present" file="test_na_sg_grid_info.py" line="226" time="0.008" /><testcase classname="test_na_sg_grid_identity_federation.TestMyModule" name="test_check_mode_na_sg_grid_identity_federation_pass" file="test_na_sg_grid_identity_federation.py" line="339" time="0.010" /><testcase classname="test_na_sg_grid_info.TestMyModule" name="test_run_sg_gather_facts_for_all_info_pass" file="test_na_sg_grid_info.py" line="250" time="0.011" /><testcase classname="test_na_sg_grid_identity_federation.TestMyModule" name="test_idempotent_set_na_sg_grid_identity_federation_pass" file="test_na_sg_grid_identity_federation.py" line="293" time="0.010" /><testcase classname="test_na_sg_grid_identity_federation.TestMyModule" name="test_module_fail_when_required_args_missing" file="test_na_sg_grid_identity_federation.py" line="263" time="0.008" /><testcase classname="test_na_sg_grid_info.TestMyModule" name="test_run_sg_gather_facts_for_grid_accounts_and_grid_users_root_info_pass" file="test_na_sg_grid_info.py" line="348" time="0.010" /><testcase classname="test_na_sg_grid_identity_federation.TestMyModule" name="test_module_fail_when_required_args_present" file="test_na_sg_grid_identity_federation.py" line="270" time="0.009" /><testcase classname="test_na_sg_grid_info.TestMyModule" name="test_run_sg_gather_facts_for_grid_accounts_info_pass" file="test_na_sg_grid_info.py" line="334" time="0.010" /><testcase classname="test_na_sg_grid_identity_federation.TestMyModule" name="test_remove_na_sg_grid_identity_federation_pass" file="test_na_sg_grid_identity_federation.py" line="323" time="0.011" /><testcase classname="test_na_sg_grid_ntp.TestMyModule" name="test_add_na_sg_grid_ntp_servers_pass" file="test_na_sg_grid_ntp.py" line="220" time="0.012" /><testcase classname="test_na_sg_grid_identity_federation.TestMyModule" name="test_set_na_sg_grid_identity_federation_pass" file="test_na_sg_grid_identity_federation.py" line="279" time="0.010" /><testcase classname="test_na_sg_grid_ntp.TestMyModule" name="test_idempotent_set_na_sg_grid_ntp_servers_pass" file="test_na_sg_grid_ntp.py" line="202" time="0.010" /><testcase classname="test_na_sg_grid_ntp.TestMyModule" name="test_module_fail_when_required_args_present" file="test_na_sg_grid_ntp.py" line="171" time="0.009" /><testcase classname="test_na_sg_grid_ntp.TestMyModule" name="test_module_fail_when_required_args_missing" file="test_na_sg_grid_ntp.py" line="161" time="0.013" /><testcase classname="test_na_sg_grid_ntp.TestMyModule" name="test_remove_na_sg_grid_ntp_servers_pass" file="test_na_sg_grid_ntp.py" line="239" time="0.010" /><testcase classname="test_na_sg_grid_ntp.TestMyModule" name="test_set_na_sg_grid_ntp_servers_pass" file="test_na_sg_grid_ntp.py" line="183" time="0.010" /><testcase classname="test_na_sg_grid_user.TestMyModule" name="test_create_na_sg_grid_user_no_group_pass" file="test_na_sg_grid_user.py" line="275" time="0.010" /><testcase classname="test_na_sg_grid_regions.TestMyModule" name="test_idempotent_set_na_sg_grid_regions_pass" file="test_na_sg_grid_regions.py" line="170" time="0.009" /><testcase classname="test_na_sg_grid_user.TestMyModule" name="test_create_na_sg_grid_user_pass" file="test_na_sg_grid_user.py" line="294" time="0.011" /><testcase classname="test_na_sg_grid_regions.TestMyModule" name="test_module_fail_when_required_args_missing" file="test_na_sg_grid_regions.py" line="129" time="0.008" /><testcase classname="test_na_sg_grid_user.TestMyModule" name="test_delete_na_sg_grid_user_pass" file="test_na_sg_grid_user.py" line="350" time="0.012" /><testcase classname="test_na_sg_grid_regions.TestMyModule" name="test_module_fail_when_required_args_present" file="test_na_sg_grid_regions.py" line="139" time="0.009" /><testcase classname="test_na_sg_grid_user.TestMyModule" name="test_fail_set_federated_user_password" file="test_na_sg_grid_user.py" line="463" time="0.011" /><testcase classname="test_na_sg_grid_regions.TestMyModule" name="test_remove_na_sg_grid_regions_pass" file="test_na_sg_grid_regions.py" line="188" time="0.011" /><testcase classname="test_na_sg_grid_user.TestMyModule" name="test_idempotent_create_na_sg_grid_user_and_set_password_pass" file="test_na_sg_grid_user.py" line="390" time="0.011" /><testcase classname="test_na_sg_grid_regions.TestMyModule" name="test_set_na_sg_grid_regions_pass" file="test_na_sg_grid_regions.py" line="151" time="0.011" /><testcase classname="test_na_sg_grid_user.TestMyModule" name="test_create_na_sg_grid_user_and_set_password_pass" file="test_na_sg_grid_user.py" line="368" time="0.012" /><testcase classname="test_na_sg_grid_user.TestMyModule" name="test_idempotent_create_na_sg_grid_user_pass" file="test_na_sg_grid_user.py" line="311" time="0.011" /><testcase classname="test_na_sg_grid_user.TestMyModule" name="test_module_fail_when_required_args_missing" file="test_na_sg_grid_user.py" line="228" time="0.008" /><testcase classname="test_na_sg_grid_user.TestMyModule" name="test_module_fail_with_bad_unique_name" file="test_na_sg_grid_user.py" line="250" time="0.009" /><testcase classname="test_na_sg_grid_user.TestMyModule" name="test_module_fail_when_required_args_present" file="test_na_sg_grid_user.py" line="238" time="0.009" /><testcase classname="test_na_sg_grid_user.TestMyModule" name="test_set_na_sg_grid_user_password_pass" file="test_na_sg_grid_user.py" line="439" time="0.013" /><testcase classname="test_na_sg_org_container.TestMyModule" name="test_module_fail_when_required_args_missing" file="test_na_sg_org_container.py" line="137" time="0.008" /><testcase classname="test_na_sg_grid_user.TestMyModule" name="test_update_na_sg_grid_user_and_set_password_pass" file="test_na_sg_grid_user.py" line="412" time="0.013" /><testcase classname="test_na_sg_org_container.TestMyModule" name="test_module_fail_when_required_args_present" file="test_na_sg_org_container.py" line="144" time="0.008" /><testcase classname="test_na_sg_grid_user.TestMyModule" name="test_update_na_sg_grid_user_pass" file="test_na_sg_grid_user.py" line="330" time="0.011" /><testcase classname="test_na_sg_org_container.TestMyModule" name="test_update_na_sg_org_container_pass" file="test_na_sg_org_container.py" line="180" time="0.010" /><testcase classname="test_na_sg_org_container.TestMyModule" name="test_create_na_sg_org_container_pass" file="test_na_sg_org_container.py" line="153" time="0.011" /><testcase classname="test_na_sg_org_group.TestMyModule" name="test_create_na_sg_org_group_pass" file="test_na_sg_org_group.py" line="314" time="0.012" /><testcase classname="test_na_sg_org_container.TestMyModule" name="test_delete_na_sg_org_container_pass" file="test_na_sg_org_container.py" line="196" time="0.010" /><testcase classname="test_na_sg_org_group.TestMyModule" name="test_delete_na_sg_org_group_pass" file="test_na_sg_org_group.py" line="385" time="0.010" /><testcase classname="test_na_sg_org_container.TestMyModule" name="test_idempotent_create_na_sg_org_container_pass" file="test_na_sg_org_container.py" line="167" time="0.009" /><testcase classname="test_na_sg_org_group.TestMyModule" name="test_idempotent_create_na_sg_org_group_pass" file="test_na_sg_org_group.py" line="333" time="0.011" /><testcase classname="test_na_sg_org_group.TestMyModule" name="test_module_fail_when_required_args_missing" file="test_na_sg_org_group.py" line="280" time="0.007" /><testcase classname="test_na_sg_org_identity_federation.TestMyModule" name="test_idempotent_set_na_sg_org_identity_federation_pass" file="test_na_sg_org_identity_federation.py" line="293" time="0.012" /><testcase classname="test_na_sg_org_group.TestMyModule" name="test_module_fail_when_required_args_present" file="test_na_sg_org_group.py" line="290" time="0.009" /><testcase classname="test_na_sg_org_identity_federation.TestMyModule" name="test_module_fail_when_required_args_missing" file="test_na_sg_org_identity_federation.py" line="263" time="0.010" /><testcase classname="test_na_sg_org_group.TestMyModule" name="test_module_fail_with_bad_unique_name" file="test_na_sg_org_group.py" line="302" time="0.009" /><testcase classname="test_na_sg_org_identity_federation.TestMyModule" name="test_module_fail_when_required_args_present" file="test_na_sg_org_identity_federation.py" line="270" time="0.009" /><testcase classname="test_na_sg_org_group.TestMyModule" name="test_update_na_sg_org_group_pass" file="test_na_sg_org_group.py" line="351" time="0.011" /><testcase classname="test_na_sg_org_identity_federation.TestMyModule" name="test_remove_na_sg_org_identity_federation_pass" file="test_na_sg_org_identity_federation.py" line="323" time="0.013" /><testcase classname="test_na_sg_org_identity_federation.TestMyModule" name="test_check_mode_na_sg_org_identity_federation_pass" file="test_na_sg_org_identity_federation.py" line="339" time="0.011" /><testcase classname="test_na_sg_org_identity_federation.TestMyModule" name="test_set_na_sg_org_identity_federation_tls_pass" file="test_na_sg_org_identity_federation.py" line="309" time="0.011" /><testcase classname="test_na_sg_org_identity_federation.TestMyModule" name="test_set_na_sg_org_identity_federation_pass" file="test_na_sg_org_identity_federation.py" line="279" time="0.011" /><testcase classname="test_na_sg_org_info.TestMyModule" name="test_module_fail_when_required_args_missing" file="test_na_sg_org_info.py" line="159" time="0.007" /><testcase classname="test_na_sg_org_info.TestMyModule" name="test_run_sg_gather_facts_for_all_info_pass" file="test_na_sg_org_info.py" line="193" time="0.012" /><testcase classname="test_na_sg_org_info.TestMyModule" name="test_module_pass_when_optional_args_present" file="test_na_sg_org_info.py" line="181" time="0.008" /><testcase classname="test_na_sg_org_info.TestMyModule" name="test_run_sg_gather_facts_for_org_users_and_org_users_root_info_pass" file="test_na_sg_org_info.py" line="249" time="0.011" /><testcase classname="test_na_sg_org_info.TestMyModule" name="test_module_pass_when_required_args_present" file="test_na_sg_org_info.py" line="169" time="0.008" /><testcase classname="test_na_sg_org_info.TestMyModule" name="test_run_sg_gather_facts_for_org_users_info_pass" file="test_na_sg_org_info.py" line="235" time="0.010" /><testcase classname="test_na_sg_org_user.TestMyModule" name="test_create_na_sg_org_user_no_group_pass" file="test_na_sg_org_user.py" line="277" time="0.011" /><testcase classname="test_na_sg_org_user.TestMyModule" name="test_create_na_sg_org_user_and_set_password_pass" file="test_na_sg_org_user.py" line="370" time="0.014" /><testcase classname="test_na_sg_org_user.TestMyModule" name="test_create_na_sg_org_user_pass" file="test_na_sg_org_user.py" line="296" time="0.013" /><testcase classname="test_na_sg_org_user.TestMyModule" name="test_fail_set_federated_user_password" file="test_na_sg_org_user.py" line="463" time="0.011" /><testcase classname="test_na_sg_org_user.TestMyModule" name="test_delete_na_sg_org_user_pass" file="test_na_sg_org_user.py" line="352" time="0.010" /><testcase classname="test_na_sg_org_user.TestMyModule" name="test_idempotent_create_na_sg_org_user_and_set_password_pass" file="test_na_sg_org_user.py" line="392" time="0.012" /><testcase classname="test_na_sg_org_user.TestMyModule" name="test_idempotent_create_na_sg_org_user_pass" file="test_na_sg_org_user.py" line="313" time="0.013" /><testcase classname="test_na_sg_org_user.TestMyModule" name="test_module_fail_when_required_args_missing" file="test_na_sg_org_user.py" line="230" time="0.009" /><testcase classname="test_na_sg_org_user.TestMyModule" name="test_module_fail_when_required_args_present" file="test_na_sg_org_user.py" line="240" time="0.009" /><testcase classname="test_na_sg_org_user.TestMyModule" name="test_module_fail_with_bad_unique_name" file="test_na_sg_org_user.py" line="252" time="0.010" /><testcase classname="test_na_sg_org_user.TestMyModule" name="test_set_na_sg_org_user_password_pass" file="test_na_sg_org_user.py" line="439" time="0.013" /><testcase classname="test_na_sg_org_user.TestMyModule" name="test_update_na_sg_org_user_and_set_password_pass" file="test_na_sg_org_user.py" line="412" time="0.010" /><testcase classname="test_na_sg_org_user.TestMyModule" name="test_update_na_sg_org_user_pass" file="test_na_sg_org_user.py" line="332" time="0.011" /><testcase classname="test_na_sg_org_user_s3_key.TestMyModule" name="test_create_na_sg_org_user_s3_key_pass" file="test_na_sg_org_user_s3_key.py" line="180" time="0.009" /><testcase classname="test_na_sg_org_user_s3_key.TestMyModule" name="test_delete_na_sg_org_user_s3_keys_pass" file="test_na_sg_org_user_s3_key.py" line="220" time="0.010" /><testcase classname="test_na_sg_org_user_s3_key.TestMyModule" name="test_idempotent_create_na_sg_org_user_s3_key_pass" file="test_na_sg_org_user_s3_key.py" line="199" time="0.010" /><testcase classname="test_na_sg_org_user_s3_key.TestMyModule" name="test_module_fail_when_required_args_missing" file="test_na_sg_org_user_s3_key.py" line="158" time="0.007" /><testcase classname="test_na_sg_org_user_s3_key.TestMyModule" name="test_module_fail_when_required_args_present" file="test_na_sg_org_user_s3_key.py" line="168" time="0.009" /></testsuite></testsuites>