<?xml version="1.0" encoding="utf-8"?><testsuite errors="0" failures="0" name="pytest" skips="115" tests="115" time="2.012"><testcase classname="test_na_sg_grid_account.TestMyModule" file="test_na_sg_grid_account.py" line="205" name="test_module_fail_when_required_args_missing" time="0.00662899017334"><skipped message="Skipping Unit Tests on 2.6 as unittest2 may not be available" type="pytest.skip">test_na_sg_grid_account.py:205: &lt;py._xmlgen.raw object at 0x562030855750&gt;</skipped></testcase><testcase classname="test_na_sg_grid_account.TestMyModule" file="test_na_sg_grid_account.py" line="215" name="test_module_fail_when_required_args_present" time="0.00722169876099"><skipped message="Skipping Unit Tests on 2.6 as unittest2 may not be available" type="pytest.skip">test_na_sg_grid_account.py:215: &lt;py._xmlgen.raw object at 0x562030855a10&gt;</skipped></testcase><testcase classname="test_na_sg_grid_account.TestMyModule" file="test_na_sg_grid_account.py" line="227" name="test_create_na_sg_grid_account_pass" time="0.00466704368591"><skipped message="Skipping Unit Tests on 2.6 as unittest2 may not be available" type="pytest.skip">test_na_sg_grid_account.py:227: &lt;py._xmlgen.raw object at 0x562030855b90&gt;</skipped></testcase><testcase classname="test_na_sg_grid_account.TestMyModule" file="test_na_sg_grid_account.py" line="246" name="test_idempotent_create_na_sg_grid_account_pass" time="0.00427293777466"><skipped message="Skipping Unit Tests on 2.6 as unittest2 may not be available" type="pytest.skip">test_na_sg_grid_account.py:246: &lt;py._xmlgen.raw object at 0x562030855d50&gt;</skipped></testcase><testcase classname="test_na_sg_grid_account.TestMyModule" file="test_na_sg_grid_account.py" line="265" name="test_update_na_sg_grid_account_pass" time="0.00174713134766"><skipped message="Skipping Unit Tests on 2.6 as unittest2 may not be available" type="pytest.skip">test_na_sg_grid_account.py:265: &lt;py._xmlgen.raw object at 0x562030855f90&gt;</skipped></testcase><testcase classname="test_na_sg_grid_account.TestMyModule" file="test_na_sg_grid_account.py" line="287" name="test_update_na_sg_grid_account_quota_pass" time="0.00408363342285"><skipped message="Skipping Unit Tests on 2.6 as unittest2 may not be available" type="pytest.skip">test_na_sg_grid_account.py:287: &lt;py._xmlgen.raw object at 0x562030865210&gt;</skipped></testcase><testcase classname="test_na_sg_grid_account.TestMyModule" file="test_na_sg_grid_account.py" line="311" name="test_update_na_sg_grid_account_and_set_password_pass" time="0.00158524513245"><skipped message="Skipping Unit Tests on 2.6 as unittest2 may not be available" type="pytest.skip">test_na_sg_grid_account.py:311: &lt;py._xmlgen.raw object at 0x562030865450&gt;</skipped></testcase><testcase classname="test_na_sg_grid_account.TestMyModule" file="test_na_sg_grid_account.py" line="361" name="test_delete_na_sg_grid_account_pass" time="0.00180506706238"><skipped message="Skipping Unit Tests on 2.6 as unittest2 may not be available" type="pytest.skip">test_na_sg_grid_account.py:361: &lt;py._xmlgen.raw object at 0x562030865710&gt;</skipped></testcase><testcase classname="test_na_sg_grid_account.TestMyModule" file="test_na_sg_grid_account.py" line="339" name="test_set_na_sg_grid_account_root_password_pass" time="0.00233387947083"><skipped message="Skipping Unit Tests on 2.6 as unittest2 may not be available" type="pytest.skip">test_na_sg_grid_account.py:339: &lt;py._xmlgen.raw object at 0x5620308658d0&gt;</skipped></testcase><testcase classname="test_na_sg_grid_certificate.TestMyModule" file="test_na_sg_grid_certificate.py" line="265" name="test_module_fail_when_required_args_missing" time="0.0022828578949"><skipped message="Skipping Unit Tests on 2.6 as unittest2 may not be available" type="pytest.skip">test_na_sg_grid_certificate.py:265: &lt;py._xmlgen.raw object at 0x562030865b90&gt;</skipped></testcase><testcase classname="test_na_sg_grid_certificate.TestMyModule" file="test_na_sg_grid_certificate.py" line="272" name="test_module_pass_when_required_args_present" time="0.00467085838318"><skipped message="Skipping Unit Tests on 2.6 as unittest2 may not be available" type="pytest.skip">test_na_sg_grid_certificate.py:272: &lt;py._xmlgen.raw object at 0x562030865d50&gt;</skipped></testcase><testcase classname="test_na_sg_grid_certificate.TestMyModule" file="test_na_sg_grid_certificate.py" line="281" name="test_set_na_sg_grid_storage_api_certificate_pass" time="0.00177216529846"><skipped message="Skipping Unit Tests on 2.6 as unittest2 may not be available" type="pytest.skip">test_na_sg_grid_certificate.py:281: &lt;py._xmlgen.raw object at 0x562030865f90&gt;</skipped></testcase><testcase classname="test_na_sg_grid_certificate.TestMyModule" file="test_na_sg_grid_certificate.py" line="296" name="test_idempotent_set_na_sg_grid_storage_api_certificate_pass" time="0.00191926956177"><skipped message="Skipping Unit Tests on 2.6 as unittest2 may not be available" type="pytest.skip">test_na_sg_grid_certificate.py:296: &lt;py._xmlgen.raw object at 0x56203086d210&gt;</skipped></testcase><testcase classname="test_na_sg_grid_certificate.TestMyModule" file="test_na_sg_grid_certificate.py" line="328" name="test_delete_na_sg_storage_api_certificate_pass" time="0.00182199478149"><skipped message="Skipping Unit Tests on 2.6 as unittest2 may not be available" type="pytest.skip">test_na_sg_grid_certificate.py:328: &lt;py._xmlgen.raw object at 0x56203086d4d0&gt;</skipped></testcase><testcase classname="test_na_sg_grid_certificate.TestMyModule" file="test_na_sg_grid_certificate.py" line="309" name="test_update_na_sg_grid_storage_api_certificate_pass" time="0.00168776512146"><skipped message="Skipping Unit Tests on 2.6 as unittest2 may not be available" type="pytest.skip">test_na_sg_grid_certificate.py:309: &lt;py._xmlgen.raw object at 0x56203086d690&gt;</skipped></testcase><testcase classname="test_na_sg_grid_dns.TestMyModule" file="test_na_sg_grid_dns.py" line="155" name="test_module_fail_when_required_args_present" time="0.00229787826538"><skipped message="Skipping Unit Tests on 2.6 as unittest2 may not be available" type="pytest.skip">test_na_sg_grid_dns.py:155: &lt;py._xmlgen.raw object at 0x56203086da50&gt;</skipped></testcase><testcase classname="test_na_sg_grid_dns.TestMyModule" file="test_na_sg_grid_dns.py" line="145" name="test_module_fail_when_required_args_missing" time="0.00251221656799"><skipped message="Skipping Unit Tests on 2.6 as unittest2 may not be available" type="pytest.skip">test_na_sg_grid_dns.py:145: &lt;py._xmlgen.raw object at 0x562030865750&gt;</skipped></testcase><testcase classname="test_na_sg_grid_dns.TestMyModule" file="test_na_sg_grid_dns.py" line="186" name="test_idempotent_set_na_sg_grid_dns_servers_pass" time="0.00183010101318"><skipped message="Skipping Unit Tests on 2.6 as unittest2 may not be available" type="pytest.skip">test_na_sg_grid_dns.py:186: &lt;py._xmlgen.raw object at 0x5620308651d0&gt;</skipped></testcase><testcase classname="test_na_sg_grid_dns.TestMyModule" file="test_na_sg_grid_dns.py" line="167" name="test_set_na_sg_grid_dns_servers_pass" time="0.00162982940674"><skipped message="Skipping Unit Tests on 2.6 as unittest2 may not be available" type="pytest.skip">test_na_sg_grid_dns.py:167: &lt;py._xmlgen.raw object at 0x562030855d50&gt;</skipped></testcase><testcase classname="test_na_sg_grid_dns.TestMyModule" file="test_na_sg_grid_dns.py" line="223" name="test_remove_na_sg_grid_dns_servers_pass" time="0.00179815292358"><skipped message="Skipping Unit Tests on 2.6 as unittest2 may not be available" type="pytest.skip">test_na_sg_grid_dns.py:223: &lt;py._xmlgen.raw object at 0x56203086d590&gt;</skipped></testcase><testcase classname="test_na_sg_grid_gateway.TestMyModule" file="test_na_sg_grid_gateway.py" line="345" name="test_module_pass_when_required_args_present" time="0.00191307067871"><skipped message="Skipping Unit Tests on 2.6 as unittest2 may not be available" type="pytest.skip">test_na_sg_grid_gateway.py:345: &lt;py._xmlgen.raw object at 0x56203086db90&gt;</skipped></testcase><testcase classname="test_na_sg_grid_dns.TestMyModule" file="test_na_sg_grid_dns.py" line="204" name="test_add_na_sg_grid_dns_servers_pass" time="0.00217890739441"><skipped message="Skipping Unit Tests on 2.6 as unittest2 may not be available" type="pytest.skip">test_na_sg_grid_dns.py:204: &lt;py._xmlgen.raw object at 0x56203086dd90&gt;</skipped></testcase><testcase classname="test_na_sg_grid_gateway.TestMyModule" file="test_na_sg_grid_gateway.py" line="369" name="test_idempotent_create_na_sg_grid_gateway_port_pass" time="0.00171494483948"><skipped message="Skipping Unit Tests on 2.6 as unittest2 may not be available" type="pytest.skip">test_na_sg_grid_gateway.py:369: &lt;py._xmlgen.raw object at 0x562030874050&gt;</skipped></testcase><testcase classname="test_na_sg_grid_gateway.TestMyModule" file="test_na_sg_grid_gateway.py" line="338" name="test_module_fail_when_required_args_missing" time="0.00180387496948"><skipped message="Skipping Unit Tests on 2.6 as unittest2 may not be available" type="pytest.skip">test_na_sg_grid_gateway.py:338: &lt;py._xmlgen.raw object at 0x562030874210&gt;</skipped></testcase><testcase classname="test_na_sg_grid_gateway.TestMyModule" file="test_na_sg_grid_gateway.py" line="354" name="test_create_na_sg_grid_gateway_port_pass" time="0.00166010856628"><skipped message="Skipping Unit Tests on 2.6 as unittest2 may not be available" type="pytest.skip">test_na_sg_grid_gateway.py:354: &lt;py._xmlgen.raw object at 0x5620308744d0&gt;</skipped></testcase><testcase classname="test_na_sg_grid_gateway.TestMyModule" file="test_na_sg_grid_gateway.py" line="404" name="test_delete_na_sg_grid_gateway_port_pass" time="0.00359988212585"><skipped message="Skipping Unit Tests on 2.6 as unittest2 may not be available" type="pytest.skip">test_na_sg_grid_gateway.py:404: &lt;py._xmlgen.raw object at 0x562030874690&gt;</skipped></testcase><testcase classname="test_na_sg_grid_gateway.TestMyModule" file="test_na_sg_grid_gateway.py" line="385" name="test_update_na_sg_grid_gateway_certificate_pass" time="0.00166392326355"><skipped message="Skipping Unit Tests on 2.6 as unittest2 may not be available" type="pytest.skip">test_na_sg_grid_gateway.py:385: &lt;py._xmlgen.raw object at 0x5620308748d0&gt;</skipped></testcase><testcase classname="test_na_sg_grid_group.TestMyModule" file="test_na_sg_grid_group.py" line="214" name="test_module_fail_when_required_args_present" time="0.00184488296509"><skipped message="Skipping Unit Tests on 2.6 as unittest2 may not be available" type="pytest.skip">test_na_sg_grid_group.py:214: &lt;py._xmlgen.raw object at 0x562030874c90&gt;</skipped></testcase><testcase classname="test_na_sg_grid_group.TestMyModule" file="test_na_sg_grid_group.py" line="204" name="test_module_fail_when_required_args_missing" time="0.00174999237061"><skipped message="Skipping Unit Tests on 2.6 as unittest2 may not be available" type="pytest.skip">test_na_sg_grid_group.py:204: &lt;py._xmlgen.raw object at 0x562030874fd0&gt;</skipped></testcase><testcase classname="test_na_sg_grid_group.TestMyModule" file="test_na_sg_grid_group.py" line="226" name="test_module_fail_with_bad_unique_name" time="0.00186824798584"><skipped message="Skipping Unit Tests on 2.6 as unittest2 may not be available" type="pytest.skip">test_na_sg_grid_group.py:226: &lt;py._xmlgen.raw object at 0x56203087b3d0&gt;</skipped></testcase><testcase classname="test_na_sg_grid_identity_federation.TestMyModule" file="test_na_sg_grid_identity_federation.py" line="339" name="test_check_mode_na_sg_grid_identity_federation_pass" time="0.00164580345154"><skipped message="Skipping Unit Tests on 2.6 as unittest2 may not be available" type="pytest.skip">test_na_sg_grid_identity_federation.py:339: &lt;py._xmlgen.raw object at 0x56203087b590&gt;</skipped></testcase><testcase classname="test_na_sg_grid_group.TestMyModule" file="test_na_sg_grid_group.py" line="238" name="test_create_na_sg_grid_group_pass" time="0.00201892852783"><skipped message="Skipping Unit Tests on 2.6 as unittest2 may not be available" type="pytest.skip">test_na_sg_grid_group.py:238: &lt;py._xmlgen.raw object at 0x562030874d50&gt;</skipped></testcase><testcase classname="test_na_sg_grid_info.TestMyModule" file="test_na_sg_grid_info.py" line="216" name="test_module_fail_when_required_args_missing" time="0.00179219245911"><skipped message="Skipping Unit Tests on 2.6 as unittest2 may not be available" type="pytest.skip">test_na_sg_grid_info.py:216: &lt;py._xmlgen.raw object at 0x562030874710&gt;</skipped></testcase><testcase classname="test_na_sg_grid_group.TestMyModule" file="test_na_sg_grid_group.py" line="257" name="test_idempotent_create_na_sg_grid_group_pass" time="0.00215625762939"><skipped message="Skipping Unit Tests on 2.6 as unittest2 may not be available" type="pytest.skip">test_na_sg_grid_group.py:257: &lt;py._xmlgen.raw object at 0x562030874050&gt;</skipped></testcase><testcase classname="test_na_sg_grid_info.TestMyModule" file="test_na_sg_grid_info.py" line="226" name="test_module_pass_when_required_args_present" time="0.00158667564392"><skipped message="Skipping Unit Tests on 2.6 as unittest2 may not be available" type="pytest.skip">test_na_sg_grid_info.py:226: &lt;py._xmlgen.raw object at 0x56203086d690&gt;</skipped></testcase><testcase classname="test_na_sg_grid_group.TestMyModule" file="test_na_sg_grid_group.py" line="275" name="test_update_na_sg_grid_group_pass" time="0.0026068687439"><skipped message="Skipping Unit Tests on 2.6 as unittest2 may not be available" type="pytest.skip">test_na_sg_grid_group.py:275: &lt;py._xmlgen.raw object at 0x56203087b5d0&gt;</skipped></testcase><testcase classname="test_na_sg_grid_info.TestMyModule" file="test_na_sg_grid_info.py" line="238" name="test_module_pass_when_optional_args_present" time="0.00171875953674"><skipped message="Skipping Unit Tests on 2.6 as unittest2 may not be available" type="pytest.skip">test_na_sg_grid_info.py:238: &lt;py._xmlgen.raw object at 0x56203087b110&gt;</skipped></testcase><testcase classname="test_na_sg_grid_group.TestMyModule" file="test_na_sg_grid_group.py" line="299" name="test_delete_na_sg_grid_group_pass" time="0.00292205810547"><skipped message="Skipping Unit Tests on 2.6 as unittest2 may not be available" type="pytest.skip">test_na_sg_grid_group.py:299: &lt;py._xmlgen.raw object at 0x56203087bb90&gt;</skipped></testcase><testcase classname="test_na_sg_grid_info.TestMyModule" file="test_na_sg_grid_info.py" line="250" name="test_run_sg_gather_facts_for_all_info_pass" time="0.0016918182373"><skipped message="Skipping Unit Tests on 2.6 as unittest2 may not be available" type="pytest.skip">test_na_sg_grid_info.py:250: &lt;py._xmlgen.raw object at 0x56203087bf10&gt;</skipped></testcase><testcase classname="test_na_sg_grid_info.TestMyModule" file="test_na_sg_grid_info.py" line="334" name="test_run_sg_gather_facts_for_grid_accounts_info_pass" time="0.0019519329071"><skipped message="Skipping Unit Tests on 2.6 as unittest2 may not be available" type="pytest.skip">test_na_sg_grid_info.py:334: &lt;py._xmlgen.raw object at 0x562030884350&gt;</skipped></testcase><testcase classname="test_na_sg_grid_identity_federation.TestMyModule" file="test_na_sg_grid_identity_federation.py" line="263" name="test_module_fail_when_required_args_missing" time="0.00174593925476"><skipped message="Skipping Unit Tests on 2.6 as unittest2 may not be available" type="pytest.skip">test_na_sg_grid_identity_federation.py:263: &lt;py._xmlgen.raw object at 0x5620308844d0&gt;</skipped></testcase><testcase classname="test_na_sg_grid_info.TestMyModule" file="test_na_sg_grid_info.py" line="348" name="test_run_sg_gather_facts_for_grid_accounts_and_grid_users_root_info_pass" time="0.00167083740234"><skipped message="Skipping Unit Tests on 2.6 as unittest2 may not be available" type="pytest.skip">test_na_sg_grid_info.py:348: &lt;py._xmlgen.raw object at 0x562030884890&gt;</skipped></testcase><testcase classname="test_na_sg_grid_identity_federation.TestMyModule" file="test_na_sg_grid_identity_federation.py" line="270" name="test_module_fail_when_required_args_present" time="0.00167489051819"><skipped message="Skipping Unit Tests on 2.6 as unittest2 may not be available" type="pytest.skip">test_na_sg_grid_identity_federation.py:270: &lt;py._xmlgen.raw object at 0x562030884a90&gt;</skipped></testcase><testcase classname="test_na_sg_grid_ntp.TestMyModule" file="test_na_sg_grid_ntp.py" line="161" name="test_module_fail_when_required_args_missing" time="0.00166416168213"><skipped message="Skipping Unit Tests on 2.6 as unittest2 may not be available" type="pytest.skip">test_na_sg_grid_ntp.py:161: &lt;py._xmlgen.raw object at 0x562030884ed0&gt;</skipped></testcase><testcase classname="test_na_sg_grid_identity_federation.TestMyModule" file="test_na_sg_grid_identity_federation.py" line="279" name="test_set_na_sg_grid_identity_federation_pass" time="0.00178074836731"><skipped message="Skipping Unit Tests on 2.6 as unittest2 may not be available" type="pytest.skip">test_na_sg_grid_identity_federation.py:279: &lt;py._xmlgen.raw object at 0x562030887090&gt;</skipped></testcase><testcase classname="test_na_sg_grid_ntp.TestMyModule" file="test_na_sg_grid_ntp.py" line="171" name="test_module_fail_when_required_args_present" time="0.00166392326355"><skipped message="Skipping Unit Tests on 2.6 as unittest2 may not be available" type="pytest.skip">test_na_sg_grid_ntp.py:171: &lt;py._xmlgen.raw object at 0x562030887450&gt;</skipped></testcase><testcase classname="test_na_sg_grid_identity_federation.TestMyModule" file="test_na_sg_grid_identity_federation.py" line="293" name="test_idempotent_set_na_sg_grid_identity_federation_pass" time="0.00237584114075"><skipped message="Skipping Unit Tests on 2.6 as unittest2 may not be available" type="pytest.skip">test_na_sg_grid_identity_federation.py:293: &lt;py._xmlgen.raw object at 0x562030887650&gt;</skipped></testcase><testcase classname="test_na_sg_grid_ntp.TestMyModule" file="test_na_sg_grid_ntp.py" line="183" name="test_set_na_sg_grid_ntp_servers_pass" time="0.00176310539246"><skipped message="Skipping Unit Tests on 2.6 as unittest2 may not be available" type="pytest.skip">test_na_sg_grid_ntp.py:183: &lt;py._xmlgen.raw object at 0x562030884b50&gt;</skipped></testcase><testcase classname="test_na_sg_grid_identity_federation.TestMyModule" file="test_na_sg_grid_identity_federation.py" line="309" name="test_set_na_sg_grid_identity_federation_tls_pass" time="0.00234508514404"><skipped message="Skipping Unit Tests on 2.6 as unittest2 may not be available" type="pytest.skip">test_na_sg_grid_identity_federation.py:309: &lt;py._xmlgen.raw object at 0x5620308842d0&gt;</skipped></testcase><testcase classname="test_na_sg_grid_ntp.TestMyModule" file="test_na_sg_grid_ntp.py" line="202" name="test_idempotent_set_na_sg_grid_ntp_servers_pass" time="0.00169777870178"><skipped message="Skipping Unit Tests on 2.6 as unittest2 may not be available" type="pytest.skip">test_na_sg_grid_ntp.py:202: &lt;py._xmlgen.raw object at 0x56203087bed0&gt;</skipped></testcase><testcase classname="test_na_sg_grid_ntp.TestMyModule" file="test_na_sg_grid_ntp.py" line="220" name="test_add_na_sg_grid_ntp_servers_pass" time="0.00164389610291"><skipped message="Skipping Unit Tests on 2.6 as unittest2 may not be available" type="pytest.skip">test_na_sg_grid_ntp.py:220: &lt;py._xmlgen.raw object at 0x56203087b5d0&gt;</skipped></testcase><testcase classname="test_na_sg_grid_identity_federation.TestMyModule" file="test_na_sg_grid_identity_federation.py" line="323" name="test_remove_na_sg_grid_identity_federation_pass" time="0.00175786018372"><skipped message="Skipping Unit Tests on 2.6 as unittest2 may not be available" type="pytest.skip">test_na_sg_grid_identity_federation.py:323: &lt;py._xmlgen.raw object at 0x56203086ddd0&gt;</skipped></testcase><testcase classname="test_na_sg_grid_ntp.TestMyModule" file="test_na_sg_grid_ntp.py" line="239" name="test_remove_na_sg_grid_ntp_servers_pass" time="0.00165987014771"><skipped message="Skipping Unit Tests on 2.6 as unittest2 may not be available" type="pytest.skip">test_na_sg_grid_ntp.py:239: &lt;py._xmlgen.raw object at 0x562030874d50&gt;</skipped></testcase><testcase classname="test_na_sg_grid_user.TestMyModule" file="test_na_sg_grid_user.py" line="238" name="test_module_fail_when_required_args_present" time="0.00226092338562"><skipped message="Skipping Unit Tests on 2.6 as unittest2 may not be available" type="pytest.skip">test_na_sg_grid_user.py:238: &lt;py._xmlgen.raw object at 0x5620308870d0&gt;</skipped></testcase><testcase classname="test_na_sg_grid_regions.TestMyModule" file="test_na_sg_grid_regions.py" line="129" name="test_module_fail_when_required_args_missing" time="0.00152087211609"><skipped message="Skipping Unit Tests on 2.6 as unittest2 may not be available" type="pytest.skip">test_na_sg_grid_regions.py:129: &lt;py._xmlgen.raw object at 0x562030887a90&gt;</skipped></testcase><testcase classname="test_na_sg_grid_user.TestMyModule" file="test_na_sg_grid_user.py" line="250" name="test_module_fail_with_bad_unique_name" time="0.00157308578491"><skipped message="Skipping Unit Tests on 2.6 as unittest2 may not be available" type="pytest.skip">test_na_sg_grid_user.py:250: &lt;py._xmlgen.raw object at 0x562030887e50&gt;</skipped></testcase><testcase classname="test_na_sg_grid_regions.TestMyModule" file="test_na_sg_grid_regions.py" line="139" name="test_module_fail_when_required_args_present" time="0.00150609016418"><skipped message="Skipping Unit Tests on 2.6 as unittest2 may not be available" type="pytest.skip">test_na_sg_grid_regions.py:139: &lt;py._xmlgen.raw object at 0x56203088b090&gt;</skipped></testcase><testcase classname="test_na_sg_grid_regions.TestMyModule" file="test_na_sg_grid_regions.py" line="151" name="test_set_na_sg_grid_regions_pass" time="0.00144505500793"><skipped message="Skipping Unit Tests on 2.6 as unittest2 may not be available" type="pytest.skip">test_na_sg_grid_regions.py:151: &lt;py._xmlgen.raw object at 0x56203088b490&gt;</skipped></testcase><testcase classname="test_na_sg_grid_user.TestMyModule" file="test_na_sg_grid_user.py" line="275" name="test_create_na_sg_grid_user_no_group_pass" time="0.00225424766541"><skipped message="Skipping Unit Tests on 2.6 as unittest2 may not be available" type="pytest.skip">test_na_sg_grid_user.py:275: &lt;py._xmlgen.raw object at 0x56203088b690&gt;</skipped></testcase><testcase classname="test_na_sg_grid_regions.TestMyModule" file="test_na_sg_grid_regions.py" line="170" name="test_idempotent_set_na_sg_grid_regions_pass" time="0.00315189361572"><skipped message="Skipping Unit Tests on 2.6 as unittest2 may not be available" type="pytest.skip">test_na_sg_grid_regions.py:170: &lt;py._xmlgen.raw object at 0x56203088b890&gt;</skipped></testcase><testcase classname="test_na_sg_grid_user.TestMyModule" file="test_na_sg_grid_user.py" line="294" name="test_create_na_sg_grid_user_pass" time="0.00144600868225"><skipped message="Skipping Unit Tests on 2.6 as unittest2 may not be available" type="pytest.skip">test_na_sg_grid_user.py:294: &lt;py._xmlgen.raw object at 0x56203088bc50&gt;</skipped></testcase><testcase classname="test_na_sg_grid_regions.TestMyModule" file="test_na_sg_grid_regions.py" line="188" name="test_remove_na_sg_grid_regions_pass" time="0.00310897827148"><skipped message="Skipping Unit Tests on 2.6 as unittest2 may not be available" type="pytest.skip">test_na_sg_grid_regions.py:188: &lt;py._xmlgen.raw object at 0x56203088be50&gt;</skipped></testcase><testcase classname="test_na_sg_grid_user.TestMyModule" file="test_na_sg_grid_user.py" line="311" name="test_idempotent_create_na_sg_grid_user_pass" time="0.00335025787354"><skipped message="Skipping Unit Tests on 2.6 as unittest2 may not be available" type="pytest.skip">test_na_sg_grid_user.py:311: &lt;py._xmlgen.raw object at 0x7f4498030250&gt;</skipped></testcase><testcase classname="test_na_sg_grid_user.TestMyModule" file="test_na_sg_grid_user.py" line="228" name="test_module_fail_when_required_args_missing" time="0.00330710411072"><skipped message="Skipping Unit Tests on 2.6 as unittest2 may not be available" type="pytest.skip">test_na_sg_grid_user.py:228: &lt;py._xmlgen.raw object at 0x56203088b910&gt;</skipped></testcase><testcase classname="test_na_sg_grid_user.TestMyModule" file="test_na_sg_grid_user.py" line="330" name="test_update_na_sg_grid_user_pass" time="0.00302529335022"><skipped message="Skipping Unit Tests on 2.6 as unittest2 may not be available" type="pytest.skip">test_na_sg_grid_user.py:330: &lt;py._xmlgen.raw object at 0x562030887e10&gt;</skipped></testcase><testcase classname="test_na_sg_grid_user.TestMyModule" file="test_na_sg_grid_user.py" line="390" name="test_idempotent_create_na_sg_grid_user_and_set_password_pass" time="0.00313997268677"><skipped message="Skipping Unit Tests on 2.6 as unittest2 may not be available" type="pytest.skip">test_na_sg_grid_user.py:390: &lt;py._xmlgen.raw object at 0x562030887150&gt;</skipped></testcase><testcase classname="test_na_sg_grid_user.TestMyModule" file="test_na_sg_grid_user.py" line="350" name="test_delete_na_sg_grid_user_pass" time="0.00304794311523"><skipped message="Skipping Unit Tests on 2.6 as unittest2 may not be available" type="pytest.skip">test_na_sg_grid_user.py:350: &lt;py._xmlgen.raw object at 0x56203086ddd0&gt;</skipped></testcase><testcase classname="test_na_sg_grid_user.TestMyModule" file="test_na_sg_grid_user.py" line="412" name="test_update_na_sg_grid_user_and_set_password_pass" time="0.00150585174561"><skipped message="Skipping Unit Tests on 2.6 as unittest2 may not be available" type="pytest.skip">test_na_sg_grid_user.py:412: &lt;py._xmlgen.raw object at 0x562030884410&gt;</skipped></testcase><testcase classname="test_na_sg_grid_user.TestMyModule" file="test_na_sg_grid_user.py" line="439" name="test_set_na_sg_grid_user_password_pass" time="0.00166511535645"><skipped message="Skipping Unit Tests on 2.6 as unittest2 may not be available" type="pytest.skip">test_na_sg_grid_user.py:439: &lt;py._xmlgen.raw object at 0x7f4498030650&gt;</skipped></testcase><testcase classname="test_na_sg_grid_user.TestMyModule" file="test_na_sg_grid_user.py" line="368" name="test_create_na_sg_grid_user_and_set_password_pass" time="0.00321578979492"><skipped message="Skipping Unit Tests on 2.6 as unittest2 may not be available" type="pytest.skip">test_na_sg_grid_user.py:368: &lt;py._xmlgen.raw object at 0x7f4498030810&gt;</skipped></testcase><testcase classname="test_na_sg_grid_user.TestMyModule" file="test_na_sg_grid_user.py" line="463" name="test_fail_set_federated_user_password" time="0.00159382820129"><skipped message="Skipping Unit Tests on 2.6 as unittest2 may not be available" type="pytest.skip">test_na_sg_grid_user.py:463: &lt;py._xmlgen.raw object at 0x7f4498030b90&gt;</skipped></testcase><testcase classname="test_na_sg_org_container.TestMyModule" file="test_na_sg_org_container.py" line="167" name="test_idempotent_create_na_sg_org_container_pass" time="0.00179696083069"><skipped message="Skipping Unit Tests on 2.6 as unittest2 may not be available" type="pytest.skip">test_na_sg_org_container.py:167: &lt;py._xmlgen.raw object at 0x7f4498030d90&gt;</skipped></testcase><testcase classname="test_na_sg_org_container.TestMyModule" file="test_na_sg_org_container.py" line="137" name="test_module_fail_when_required_args_missing" time="0.00147914886475"><skipped message="Skipping Unit Tests on 2.6 as unittest2 may not be available" type="pytest.skip">test_na_sg_org_container.py:137: &lt;py._xmlgen.raw object at 0x7f4498030fd0&gt;</skipped></testcase><testcase classname="test_na_sg_org_container.TestMyModule" file="test_na_sg_org_container.py" line="180" name="test_update_na_sg_org_container_pass" time="0.00166511535645"><skipped message="Skipping Unit Tests on 2.6 as unittest2 may not be available" type="pytest.skip">test_na_sg_org_container.py:180: &lt;py._xmlgen.raw object at 0x7f4498036250&gt;</skipped></testcase><testcase classname="test_na_sg_org_container.TestMyModule" file="test_na_sg_org_container.py" line="144" name="test_module_fail_when_required_args_present" time="0.00161290168762"><skipped message="Skipping Unit Tests on 2.6 as unittest2 may not be available" type="pytest.skip">test_na_sg_org_container.py:144: &lt;py._xmlgen.raw object at 0x7f4498036490&gt;</skipped></testcase><testcase classname="test_na_sg_org_container.TestMyModule" file="test_na_sg_org_container.py" line="196" name="test_delete_na_sg_org_container_pass" time="0.00169682502747"><skipped message="Skipping Unit Tests on 2.6 as unittest2 may not be available" type="pytest.skip">test_na_sg_org_container.py:196: &lt;py._xmlgen.raw object at 0x7f44980366d0&gt;</skipped></testcase><testcase classname="test_na_sg_org_container.TestMyModule" file="test_na_sg_org_container.py" line="153" name="test_create_na_sg_org_container_pass" time="0.00160217285156"><skipped message="Skipping Unit Tests on 2.6 as unittest2 may not be available" type="pytest.skip">test_na_sg_org_container.py:153: &lt;py._xmlgen.raw object at 0x7f4498036910&gt;</skipped></testcase><testcase classname="test_na_sg_org_group.TestMyModule" file="test_na_sg_org_group.py" line="280" name="test_module_fail_when_required_args_missing" time="0.00211691856384"><skipped message="Skipping Unit Tests on 2.6 as unittest2 may not be available" type="pytest.skip">test_na_sg_org_group.py:280: &lt;py._xmlgen.raw object at 0x7f4498036cd0&gt;</skipped></testcase><testcase classname="test_na_sg_org_group.TestMyModule" file="test_na_sg_org_group.py" line="314" name="test_create_na_sg_org_group_pass" time="0.00151610374451"><skipped message="Skipping Unit Tests on 2.6 as unittest2 may not be available" type="pytest.skip">test_na_sg_org_group.py:314: &lt;py._xmlgen.raw object at 0x7f449803b090&gt;</skipped></testcase><testcase classname="test_na_sg_org_group.TestMyModule" file="test_na_sg_org_group.py" line="290" name="test_module_fail_when_required_args_present" time="0.00154209136963"><skipped message="Skipping Unit Tests on 2.6 as unittest2 may not be available" type="pytest.skip">test_na_sg_org_group.py:290: &lt;py._xmlgen.raw object at 0x7f4498036710&gt;</skipped></testcase><testcase classname="test_na_sg_org_group.TestMyModule" file="test_na_sg_org_group.py" line="333" name="test_idempotent_create_na_sg_org_group_pass" time="0.0026159286499"><skipped message="Skipping Unit Tests on 2.6 as unittest2 may not be available" type="pytest.skip">test_na_sg_org_group.py:333: &lt;py._xmlgen.raw object at 0x7f4498036050&gt;</skipped></testcase><testcase classname="test_na_sg_org_group.TestMyModule" file="test_na_sg_org_group.py" line="302" name="test_module_fail_with_bad_unique_name" time="0.00154685974121"><skipped message="Skipping Unit Tests on 2.6 as unittest2 may not be available" type="pytest.skip">test_na_sg_org_group.py:302: &lt;py._xmlgen.raw object at 0x7f4498030610&gt;</skipped></testcase><testcase classname="test_na_sg_org_group.TestMyModule" file="test_na_sg_org_group.py" line="351" name="test_update_na_sg_org_group_pass" time="0.00169610977173"><skipped message="Skipping Unit Tests on 2.6 as unittest2 may not be available" type="pytest.skip">test_na_sg_org_group.py:351: &lt;py._xmlgen.raw object at 0x562030855c10&gt;</skipped></testcase><testcase classname="test_na_sg_org_identity_federation.TestMyModule" file="test_na_sg_org_identity_federation.py" line="270" name="test_module_fail_when_required_args_present" time="0.00158190727234"><skipped message="Skipping Unit Tests on 2.6 as unittest2 may not be available" type="pytest.skip">test_na_sg_org_identity_federation.py:270: &lt;py._xmlgen.raw object at 0x562030887a90&gt;</skipped></testcase><testcase classname="test_na_sg_org_group.TestMyModule" file="test_na_sg_org_group.py" line="385" name="test_delete_na_sg_org_group_pass" time="0.00134921073914"><skipped message="Skipping Unit Tests on 2.6 as unittest2 may not be available" type="pytest.skip">test_na_sg_org_group.py:385: &lt;py._xmlgen.raw object at 0x7f449803b1d0&gt;</skipped></testcase><testcase classname="test_na_sg_org_identity_federation.TestMyModule" file="test_na_sg_org_identity_federation.py" line="279" name="test_set_na_sg_org_identity_federation_pass" time="0.00159382820129"><skipped message="Skipping Unit Tests on 2.6 as unittest2 may not be available" type="pytest.skip">test_na_sg_org_identity_federation.py:279: &lt;py._xmlgen.raw object at 0x7f449803b350&gt;</skipped></testcase><testcase classname="test_na_sg_org_identity_federation.TestMyModule" file="test_na_sg_org_identity_federation.py" line="293" name="test_idempotent_set_na_sg_org_identity_federation_pass" time="0.00165295600891"><skipped message="Skipping Unit Tests on 2.6 as unittest2 may not be available" type="pytest.skip">test_na_sg_org_identity_federation.py:293: &lt;py._xmlgen.raw object at 0x7f449803b690&gt;</skipped></testcase><testcase classname="test_na_sg_org_identity_federation.TestMyModule" file="test_na_sg_org_identity_federation.py" line="263" name="test_module_fail_when_required_args_missing" time="0.00152993202209"><skipped message="Skipping Unit Tests on 2.6 as unittest2 may not be available" type="pytest.skip">test_na_sg_org_identity_federation.py:263: &lt;py._xmlgen.raw object at 0x7f449803b850&gt;</skipped></testcase><testcase classname="test_na_sg_org_identity_federation.TestMyModule" file="test_na_sg_org_identity_federation.py" line="309" name="test_set_na_sg_org_identity_federation_tls_pass" time="0.00148296356201"><skipped message="Skipping Unit Tests on 2.6 as unittest2 may not be available" type="pytest.skip">test_na_sg_org_identity_federation.py:309: &lt;py._xmlgen.raw object at 0x7f449803ba10&gt;</skipped></testcase><testcase classname="test_na_sg_org_identity_federation.TestMyModule" file="test_na_sg_org_identity_federation.py" line="339" name="test_check_mode_na_sg_org_identity_federation_pass" time="0.00152087211609"><skipped message="Skipping Unit Tests on 2.6 as unittest2 may not be available" type="pytest.skip">test_na_sg_org_identity_federation.py:339: &lt;py._xmlgen.raw object at 0x7f449803bc50&gt;</skipped></testcase><testcase classname="test_na_sg_org_identity_federation.TestMyModule" file="test_na_sg_org_identity_federation.py" line="323" name="test_remove_na_sg_org_identity_federation_pass" time="0.00178623199463"><skipped message="Skipping Unit Tests on 2.6 as unittest2 may not be available" type="pytest.skip">test_na_sg_org_identity_federation.py:323: &lt;py._xmlgen.raw object at 0x7f4498045090&gt;</skipped></testcase><testcase classname="test_na_sg_org_info.TestMyModule" file="test_na_sg_org_info.py" line="159" name="test_module_fail_when_required_args_missing" time="0.00228667259216"><skipped message="Skipping Unit Tests on 2.6 as unittest2 may not be available" type="pytest.skip">test_na_sg_org_info.py:159: &lt;py._xmlgen.raw object at 0x7f4498045290&gt;</skipped></testcase><testcase classname="test_na_sg_org_info.TestMyModule" file="test_na_sg_org_info.py" line="169" name="test_module_pass_when_required_args_present" time="0.0027289390564"><skipped message="Skipping Unit Tests on 2.6 as unittest2 may not be available" type="pytest.skip">test_na_sg_org_info.py:169: &lt;py._xmlgen.raw object at 0x7f44980457d0&gt;</skipped></testcase><testcase classname="test_na_sg_org_info.TestMyModule" file="test_na_sg_org_info.py" line="193" name="test_run_sg_gather_facts_for_all_info_pass" time="0.00160789489746"><skipped message="Skipping Unit Tests on 2.6 as unittest2 may not be available" type="pytest.skip">test_na_sg_org_info.py:193: &lt;py._xmlgen.raw object at 0x7f4498045990&gt;</skipped></testcase><testcase classname="test_na_sg_org_info.TestMyModule" file="test_na_sg_org_info.py" line="235" name="test_run_sg_gather_facts_for_org_users_info_pass" time="0.00160813331604"><skipped message="Skipping Unit Tests on 2.6 as unittest2 may not be available" type="pytest.skip">test_na_sg_org_info.py:235: &lt;py._xmlgen.raw object at 0x7f449803bcd0&gt;</skipped></testcase><testcase classname="test_na_sg_org_info.TestMyModule" file="test_na_sg_org_info.py" line="181" name="test_module_pass_when_optional_args_present" time="0.00163292884827"><skipped message="Skipping Unit Tests on 2.6 as unittest2 may not be available" type="pytest.skip">test_na_sg_org_info.py:181: &lt;py._xmlgen.raw object at 0x7f449803b390&gt;</skipped></testcase><testcase classname="test_na_sg_org_info.TestMyModule" file="test_na_sg_org_info.py" line="249" name="test_run_sg_gather_facts_for_org_users_and_org_users_root_info_pass" time="0.00158095359802"><skipped message="Skipping Unit Tests on 2.6 as unittest2 may not be available" type="pytest.skip">test_na_sg_org_info.py:249: &lt;py._xmlgen.raw object at 0x7f449803b1d0&gt;</skipped></testcase><testcase classname="test_na_sg_org_user.TestMyModule" file="test_na_sg_org_user.py" line="230" name="test_module_fail_when_required_args_missing" time="0.00156021118164"><skipped message="Skipping Unit Tests on 2.6 as unittest2 may not be available" type="pytest.skip">test_na_sg_org_user.py:230: &lt;py._xmlgen.raw object at 0x7f4498036550&gt;</skipped></testcase><testcase classname="test_na_sg_org_user.TestMyModule" file="test_na_sg_org_user.py" line="240" name="test_module_fail_when_required_args_present" time="0.00153303146362"><skipped message="Skipping Unit Tests on 2.6 as unittest2 may not be available" type="pytest.skip">test_na_sg_org_user.py:240: &lt;py._xmlgen.raw object at 0x7f44980459d0&gt;</skipped></testcase><testcase classname="test_na_sg_org_user.TestMyModule" file="test_na_sg_org_user.py" line="252" name="test_module_fail_with_bad_unique_name" time="0.00161409378052"><skipped message="Skipping Unit Tests on 2.6 as unittest2 may not be available" type="pytest.skip">test_na_sg_org_user.py:252: &lt;py._xmlgen.raw object at 0x7f4498045050&gt;</skipped></testcase><testcase classname="test_na_sg_org_user.TestMyModule" file="test_na_sg_org_user.py" line="296" name="test_create_na_sg_org_user_pass" time="0.00167989730835"><skipped message="Skipping Unit Tests on 2.6 as unittest2 may not be available" type="pytest.skip">test_na_sg_org_user.py:296: &lt;py._xmlgen.raw object at 0x7f4498045f10&gt;</skipped></testcase><testcase classname="test_na_sg_org_user.TestMyModule" file="test_na_sg_org_user.py" line="313" name="test_idempotent_create_na_sg_org_user_pass" time="0.00177001953125"><skipped message="Skipping Unit Tests on 2.6 as unittest2 may not be available" type="pytest.skip">test_na_sg_org_user.py:313: &lt;py._xmlgen.raw object at 0x7f449804b490&gt;</skipped></testcase><testcase classname="test_na_sg_org_user.TestMyModule" file="test_na_sg_org_user.py" line="277" name="test_create_na_sg_org_user_no_group_pass" time="0.00440382957458"><skipped message="Skipping Unit Tests on 2.6 as unittest2 may not be available" type="pytest.skip">test_na_sg_org_user.py:277: &lt;py._xmlgen.raw object at 0x7f449804b650&gt;</skipped></testcase><testcase classname="test_na_sg_org_user.TestMyModule" file="test_na_sg_org_user.py" line="332" name="test_update_na_sg_org_user_pass" time="0.00163102149963"><skipped message="Skipping Unit Tests on 2.6 as unittest2 may not be available" type="pytest.skip">test_na_sg_org_user.py:332: &lt;py._xmlgen.raw object at 0x7f449804b9d0&gt;</skipped></testcase><testcase classname="test_na_sg_org_user.TestMyModule" file="test_na_sg_org_user.py" line="370" name="test_create_na_sg_org_user_and_set_password_pass" time="0.00180792808533"><skipped message="Skipping Unit Tests on 2.6 as unittest2 may not be available" type="pytest.skip">test_na_sg_org_user.py:370: &lt;py._xmlgen.raw object at 0x7f449804bd50&gt;</skipped></testcase><testcase classname="test_na_sg_org_user.TestMyModule" file="test_na_sg_org_user.py" line="352" name="test_delete_na_sg_org_user_pass" time="0.00169992446899"><skipped message="Skipping Unit Tests on 2.6 as unittest2 may not be available" type="pytest.skip">test_na_sg_org_user.py:352: &lt;py._xmlgen.raw object at 0x7f449804e110&gt;</skipped></testcase><testcase classname="test_na_sg_org_user.TestMyModule" file="test_na_sg_org_user.py" line="392" name="test_idempotent_create_na_sg_org_user_and_set_password_pass" time="0.00212907791138"><skipped message="Skipping Unit Tests on 2.6 as unittest2 may not be available" type="pytest.skip">test_na_sg_org_user.py:392: &lt;py._xmlgen.raw object at 0x7f449804e490&gt;</skipped></testcase><testcase classname="test_na_sg_org_user.TestMyModule" file="test_na_sg_org_user.py" line="412" name="test_update_na_sg_org_user_and_set_password_pass" time="0.00157594680786"><skipped message="Skipping Unit Tests on 2.6 as unittest2 may not be available" type="pytest.skip">test_na_sg_org_user.py:412: &lt;py._xmlgen.raw object at 0x7f449804e810&gt;</skipped></testcase><testcase classname="test_na_sg_org_user.TestMyModule" file="test_na_sg_org_user.py" line="463" name="test_fail_set_federated_user_password" time="0.00183820724487"><skipped message="Skipping Unit Tests on 2.6 as unittest2 may not be available" type="pytest.skip">test_na_sg_org_user.py:463: &lt;py._xmlgen.raw object at 0x7f449804ed50&gt;</skipped></testcase><testcase classname="test_na_sg_org_user.TestMyModule" file="test_na_sg_org_user.py" line="439" name="test_set_na_sg_org_user_password_pass" time="0.00176596641541"><skipped message="Skipping Unit Tests on 2.6 as unittest2 may not be available" type="pytest.skip">test_na_sg_org_user.py:439: &lt;py._xmlgen.raw object at 0x7f449804ef10&gt;</skipped></testcase><testcase classname="test_na_sg_org_user_s3_key.TestMyModule" file="test_na_sg_org_user_s3_key.py" line="168" name="test_module_fail_when_required_args_present" time="0.00163912773132"><skipped message="Skipping Unit Tests on 2.6 as unittest2 may not be available" type="pytest.skip">test_na_sg_org_user_s3_key.py:168: &lt;py._xmlgen.raw object at 0x7f449804ef10&gt;</skipped></testcase><testcase classname="test_na_sg_org_user_s3_key.TestMyModule" file="test_na_sg_org_user_s3_key.py" line="158" name="test_module_fail_when_required_args_missing" time="0.00177979469299"><skipped message="Skipping Unit Tests on 2.6 as unittest2 may not be available" type="pytest.skip">test_na_sg_org_user_s3_key.py:158: &lt;py._xmlgen.raw object at 0x7f449804e8d0&gt;</skipped></testcase><testcase classname="test_na_sg_org_user_s3_key.TestMyModule" file="test_na_sg_org_user_s3_key.py" line="180" name="test_create_na_sg_org_user_s3_key_pass" time="0.00175499916077"><skipped message="Skipping Unit Tests on 2.6 as unittest2 may not be available" type="pytest.skip">test_na_sg_org_user_s3_key.py:180: &lt;py._xmlgen.raw object at 0x7f449804e050&gt;</skipped></testcase><testcase classname="test_na_sg_org_user_s3_key.TestMyModule" file="test_na_sg_org_user_s3_key.py" line="220" name="test_delete_na_sg_org_user_s3_keys_pass" time="0.00173616409302"><skipped message="Skipping Unit Tests on 2.6 as unittest2 may not be available" type="pytest.skip">test_na_sg_org_user_s3_key.py:220: &lt;py._xmlgen.raw object at 0x7f449804ba90&gt;</skipped></testcase><testcase classname="test_na_sg_org_user_s3_key.TestMyModule" file="test_na_sg_org_user_s3_key.py" line="199" name="test_idempotent_create_na_sg_org_user_s3_key_pass" time="0.00175285339355"><skipped message="Skipping Unit Tests on 2.6 as unittest2 may not be available" type="pytest.skip">test_na_sg_org_user_s3_key.py:199: &lt;py._xmlgen.raw object at 0x7f449804b610&gt;</skipped></testcase></testsuite>